<?xml version="1.0" encoding="UTF-8"?>
<!-- Generated by org.testng.reporters.JUnitReportReporter -->
<testsuite hostname="DESKTOP-QGEJ1IM" name="com.rmg.practice.CreateProjectAndVerifyDatabase" tests="1" failures="0" timestamp="30 Oct 2021 11:27:53 GMT" time="3.396" errors="0">
  <testcase name="createProjectAndVerifyInDB" time="3.396" classname="com.rmg.practice.CreateProjectAndVerifyDatabase"/>
</testsuite> <!-- com.rmg.practice.CreateProjectAndVerifyDatabase -->
